2026-03-27 14:47:09 - INFO - =========================================
2026-03-27 14:47:09 - INFO - Démarrage de l'application...
2026-03-27 14:47:09 - INFO - =========================================
2026-03-27 14:47:13 - WARNING - Fichier HD introuvable : assets/communes.geojson
2026-03-27 14:47:13 - WARNING - Fichier HD introuvable : assets/epci.geojson
2026-03-27 14:47:13 - INFO - Vérification de l'état des sources de données en cours...
2026-03-27 14:47:15 - DEBUG - BD TOPO (IGN) : OK
2026-03-27 14:47:15 - DEBUG - Aménagements cyclables (BNAC - data.gouv.fr) : OK
2026-03-27 14:47:15 - DEBUG - Lieux de covoiturage (BNLC - data.gouv.fr) : OK
2026-03-27 14:47:15 - DEBUG - Equipements (BPE - INSEE) : OK
2026-03-27 14:47:16 - DEBUG - Cadastre (IGN) : OK
2026-03-27 14:47:17 - DEBUG - Carte scolaire (data.gouv.fr) : OK
2026-03-27 14:47:17 - DEBUG - Données socio-économiques carroyées (FiLoSoFi - INSEE) : OK
2026-03-27 14:47:17 - DEBUG - Flux de Mobilité (INSEE) : OK
2026-03-27 14:47:18 - DEBUG - Entreprises (SIRENE - INSEE) : OK
2026-03-27 14:47:18 - INFO - Toutes les sources sont opérationnelles.
2026-03-27 14:49:55 - INFO - Mise à jour annulée par l'utilisateur.
2026-03-27 15:13:13 - INFO - Récupération de la géométrie haute précision pour EPCI 200046977...
2026-03-27 15:13:14 - INFO - Géométrie précise récupérée et appliquée au filtre.
2026-03-27 15:13:14 - INFO - === DÉBUT DE LA COLLECTE (1 source(s)) ===
2026-03-27 15:13:14 - INFO - 
[SOURCE] Entreprises (SIRENE - INSEE)
2026-03-27 15:13:16 - DEBUG - Page 1 traitée.
2026-03-27 15:13:17 - DEBUG - Page 2 traitée.
2026-03-27 15:13:19 - DEBUG - Page 3 traitée.
2026-03-27 15:13:21 - DEBUG - Page 4 traitée.
2026-03-27 15:13:23 - DEBUG - Page 5 traitée.
2026-03-27 15:13:26 - DEBUG - Page 6 traitée.
2026-03-27 15:13:28 - DEBUG - Page 7 traitée.
2026-03-27 15:13:30 - DEBUG - Page 8 traitée.
2026-03-27 15:13:32 - DEBUG - Page 9 traitée.
2026-03-27 15:13:34 - DEBUG - Page 10 traitée.
2026-03-27 15:13:35 - DEBUG - Page 11 traitée.
2026-03-27 15:13:38 - DEBUG - Page 12 traitée.
2026-03-27 15:13:40 - DEBUG - Page 13 traitée.
2026-03-27 15:13:42 - DEBUG - Page 14 traitée.
2026-03-27 15:13:44 - DEBUG - Page 15 traitée.
2026-03-27 15:13:46 - DEBUG - Page 16 traitée.
2026-03-27 15:13:48 - DEBUG - Page 17 traitée.
2026-03-27 15:13:50 - DEBUG - Page 18 traitée.
2026-03-27 15:13:52 - DEBUG - Page 19 traitée.
2026-03-27 15:13:54 - DEBUG - Page 20 traitée.
2026-03-27 15:13:56 - DEBUG - Page 21 traitée.
2026-03-27 15:13:57 - DEBUG - Page 22 traitée.
2026-03-27 15:14:00 - DEBUG - Page 23 traitée.
2026-03-27 15:14:02 - DEBUG - Page 24 traitée.
2026-03-27 15:14:03 - DEBUG - Page 25 traitée.
2026-03-27 15:14:06 - DEBUG - Page 26 traitée.
2026-03-27 15:14:07 - DEBUG - Page 27 traitée.
2026-03-27 15:14:10 - DEBUG - Page 28 traitée.
2026-03-27 15:14:12 - DEBUG - Page 29 traitée.
2026-03-27 15:14:14 - DEBUG - Page 30 traitée.
2026-03-27 15:14:16 - DEBUG - Page 31 traitée.
2026-03-27 15:14:18 - DEBUG - Page 32 traitée.
2026-03-27 15:14:20 - DEBUG - Page 33 traitée.
2026-03-27 15:14:22 - DEBUG - Page 34 traitée.
2026-03-27 15:14:24 - DEBUG - Page 35 traitée.
2026-03-27 15:14:25 - DEBUG - Page 36 traitée.
2026-03-27 15:14:28 - DEBUG - Page 37 traitée.
2026-03-27 15:14:29 - DEBUG - Page 38 traitée.
2026-03-27 15:14:32 - DEBUG - Page 39 traitée.
2026-03-27 15:14:32 - WARNING - ARRÊT IMMÉDIAT EN COURS...
2026-03-27 15:14:32 - WARNING - === COLLECTE ANNULÉE ===
2026-03-27 15:31:37 - INFO - Récupération de la géométrie haute précision pour Commune 69123...
2026-03-27 15:31:38 - INFO - Géométrie précise récupérée et appliquée au filtre.
2026-03-27 15:31:38 - INFO - === DÉBUT DE LA COLLECTE (1 source(s)) ===
2026-03-27 15:31:38 - INFO - 
[SOURCE] Flux de Mobilité (INSEE)
2026-03-27 15:31:38 - DEBUG - Chargement des référentiels géographiques...
2026-03-27 15:31:39 - INFO - Zone d'étude définie : 1 commune(s) concernée(s).
2026-03-27 15:31:39 - DEBUG - Traitement des flux : TRAVAIL
2026-03-27 15:31:58 - ERROR - Erreur critique durant la collecte de Flux de Mobilité (INSEE)
Traceback (most recent call last):
  File "C:\Users\RFE\OneDrive - ingetec\Documents partages - Mobilité\5. Logiciels-Data\1. DevTech\25-000_Mobilité Data Collector\mobilité_datacollector\workers.py", line 36, in run
    succes, message_global = self.data_source.collecter_donnees(
                             ~~~~~~~~~~~~~~~~~~~~~~~~~~~~~~~~~~^
        self.export_dir, self.bbox_obj, collect_options_with_log)
        ^^^^^^^^^^^^^^^^^^^^^^^^^^^^^^^^^^^^^^^^^^^^^^^^^^^^^^^^^
  File "C:\Users\RFE\OneDrive - ingetec\Documents partages - Mobilité\5. Logiciels-Data\1. DevTech\25-000_Mobilité Data Collector\mobilité_datacollector\data_sources\flux_mobilite_source.py", line 257, in collecter_donnees
    with pd.ExcelWriter(os.path.join(dest_folder, f"{base_name}.xlsx"), engine='xlsxwriter') as writer:
         ~~~~~~~~~~~~~~^^^^^^^^^^^^^^^^^^^^^^^^^^^^^^^^^^^^^^^^^^^^^^^^^^^^^^^^^^^^^^^^^^^^^
  File "C:\Users\RFE\AppData\Local\Python\pythoncore-3.14-64\Lib\site-packages\pandas\io\excel\_xlsxwriter.py", line 204, in __init__
    super().__init__(
    ~~~~~~~~~~~~~~~~^
        path,
        ^^^^^
    ...<6 lines>...
        engine_kwargs=engine_kwargs,
        ^^^^^^^^^^^^^^^^^^^^^^^^^^^^
    )
    ^
  File "C:\Users\RFE\AppData\Local\Python\pythoncore-3.14-64\Lib\site-packages\pandas\io\excel\_base.py", line 1246, in __init__
    self._handles = get_handle(
                    ~~~~~~~~~~^
        path, mode, storage_options=storage_options, is_text=False
        ^^^^^^^^^^^^^^^^^^^^^^^^^^^^^^^^^^^^^^^^^^^^^^^^^^^^^^^^^^
    )
    ^
  File "C:\Users\RFE\AppData\Local\Python\pythoncore-3.14-64\Lib\site-packages\pandas\io\common.py", line 882, in get_handle
    handle = open(handle, ioargs.mode)
PermissionError: [Errno 13] Permission denied: 'C:/Users/RFE/OneDrive - ingetec/Bureau/Café du vendredi\\COMPTAGES-FLUX\\flux_dom-travail.xlsx'
2026-03-27 15:31:58 - ERROR -   -> [ERREUR] Erreur critique: [Errno 13] Permission denied: 'C:/Users/RFE/OneDrive - ingetec/Bureau/Café du vendredi\\COMPTAGES-FLUX\\flux_dom-travail.xlsx'
2026-03-27 15:31:58 - INFO - === COLLECTE TERMINÉE ===
2026-03-27 15:32:09 - INFO - Récupération de la géométrie haute précision pour Commune 69123...
2026-03-27 15:32:10 - INFO - Géométrie précise récupérée et appliquée au filtre.
2026-03-27 15:32:10 - INFO - === DÉBUT DE LA COLLECTE (1 source(s)) ===
2026-03-27 15:32:10 - INFO - 
[SOURCE] Flux de Mobilité (INSEE)
2026-03-27 15:32:10 - DEBUG - Chargement des référentiels géographiques...
2026-03-27 15:32:11 - INFO - Zone d'étude définie : 1 commune(s) concernée(s).
2026-03-27 15:32:11 - DEBUG - Traitement des flux : TRAVAIL
2026-03-27 15:32:32 - DEBUG - Traitement des flux : ETUDE
2026-03-27 15:32:39 - DEBUG - Collecte globale terminée en 29.17s.
2026-03-27 15:32:40 - INFO -   -> [OK] Fichiers de flux (Excel et Géométries) sauvegardés avec succès.
2026-03-27 15:32:40 - INFO - === COLLECTE TERMINÉE ===
